0 info it worked if it ends with ok
1 verbose cli [ 'node', '/usr/local/bin/npm', 'run', 'watch' ]
2 info using npm@1.3.14
3 info using node@v0.10.22
4 verbose run-script [ 'prewatch', 'watch', 'postwatch' ]
5 info prewatch taser-squad@0.0.1
6 info watch taser-squad@0.0.1
7 verbose unsafe-perm in lifecycle true
8 info taser-squad@0.0.1 Failed to exec watch script
9 error taser-squad@0.0.1 watch: `bin/watch`
9 error Exit status 126
10 error Failed at the taser-squad@0.0.1 watch script.
10 error This is most likely a problem with the taser-squad package,
10 error not with npm itself.
10 error Tell the author that this fails on your system:
10 error     bin/watch
10 error You can get their info via:
10 error     npm owner ls taser-squad
10 error There is likely additional logging output above.
11 error System Darwin 13.1.0
12 error command "node" "/usr/local/bin/npm" "run" "watch"
13 error cwd /Users/pedroteixeira/projects/taser-squad
14 error node -v v0.10.22
15 error npm -v 1.3.14
16 error code ELIFECYCLE
17 verbose exit [ 1, true ]
